[2016-07-27 18:32:58.455] [TRACE] app.js - I am trace log
[2016-07-27 18:32:58.458] [DEBUG] app.js - I am debug log
[2016-07-27 18:32:58.458] [INFO] app.js - I am info log
[2016-07-27 18:32:58.458] [WARN] app.js - I am warn log
[2016-07-27 18:32:58.458] [ERROR] app.js - I am error log
[2016-07-27 18:32:58.458] [FATAL] app.js - I am fatal log
[2016-07-27 18:33:35.594] [TRACE] app.js - I am trace log
[2016-07-27 18:33:35.597] [DEBUG] app.js - I am debug log
[2016-07-27 18:33:35.597] [INFO] app.js - I am info log
[2016-07-27 18:33:35.597] [WARN] app.js - I am warn log
[2016-07-27 18:33:35.597] [ERROR] app.js - I am error log
[2016-07-27 18:33:35.597] [FATAL] app.js - I am fatal log
[2016-07-27 18:47:30.121] [FATAL] app.js - I am fatal log
[2016-07-28 11:31:12.162] [FATAL] app.js - I am fatal log
[2016-07-28 11:31:25.717] [FATAL] app.js - I am fatal log
[2016-07-28 11:32:27.879] [FATAL] app.js - I am fatal log
[2016-07-28 11:33:19.541] [FATAL] app.js - I am fatal log
[2016-07-28 11:33:33.777] [FATAL] app.js - I am fatal log
[2016-07-28 11:33:47.891] [FATAL] app.js - I am fatal log
[2016-07-28 11:35:47.422] [FATAL] app.js - I am fatal log
[2016-07-28 11:36:03.954] [FATAL] app.js - I am fatal log
[2016-07-28 11:51:06.176] [FATAL] app.js - I am fatal log
[2016-07-28 11:51:20.254] [FATAL] app.js - I am fatal log
[2016-07-28 11:51:39.141] [FATAL] app.js - I am fatal log
[2016-07-29 11:02:20.623] [TRACE] app.js - I am trace log
[2016-07-29 11:02:20.638] [FATAL] app.js - I am fatal log
[2016-07-29 11:03:45.277] [FATAL] app.js - I am fatal log
[2016-07-29 11:08:57.290] [FATAL] app.js - I am fatal log
[2016-07-29 11:11:39.274] [FATAL] app.js - I am fatal log
[2016-07-29 11:15:16.250] [FATAL] app.js - I am fatal log
[2016-07-29 11:18:42.329] [FATAL] app.js - I am fatal log
[2016-07-29 11:18:53.259] [FATAL] app.js - I am fatal log
[2016-07-29 11:21:38.749] [FATAL] app.js - I am fatal log
[2016-07-29 11:28:37.609] [FATAL] app.js - I am fatal log
[2016-07-29 11:29:47.745] [FATAL] app.js - I am fatal log
[2016-07-29 11:29:58.711] [FATAL] app.js - I am fatal log
[2016-07-29 11:30:22.267] [FATAL] app.js - I am fatal log
[2016-07-29 11:34:36.543] [FATAL] app.js - I am fatal log
[2016-07-29 11:34:54.456] [FATAL] app.js - I am fatal log
[2016-07-29 11:35:46.888] [FATAL] app.js - I am fatal log
[2016-07-29 11:35:57.623] [FATAL] app.js - I am fatal log
[2016-07-29 11:36:09.827] [FATAL] app.js - I am fatal log
[2016-07-29 11:41:34.208] [FATAL] app.js - I am fatal log
[2016-07-29 11:42:10.643] [FATAL] app.js - I am fatal log
